<?xml version="1.0" encoding="UTF-8" ?>
<testsuites errors="0"
            failures="1"
            tests="1">

  <testsuite name="correctLinks.test"
    errors="0" failures="1" hostname="" id="" package="correctLinks.test" skipped="0"
    tests="1" time="1.463" timestamp="">
  
    <testcase name="correctVkUrl" classname="correctLinks.test" time="1.463" assertions="2">

      <failure message="Failed [equal]: (&#39;http://vk.com/csssr&#39; == &#39;http://vk.com/csssr_dev&#39;) - expected [0;32m&#34;http://vk.com/csssr_dev&#34;[0m but got: [0;31m&#34;http://vk.com/csssr&#34;[0m">    at NightwatchAPI.&lt;anonymous&gt; (/home/ann/Repositories/csssr-autotests/tests/correctLinks.test.js:6:25)
    at process._tickCallback (internal/process/next_tick.js:68:7)</failure>

    <failure message="    at NightwatchAPI.&lt;anonymous&gt; (/home/ann/Repositories/csssr-autotests/tests/correctLinks.test.js:6:25)">    at process._tickCallback (internal/process/next_tick.js:68:7)</failure>
    </testcase>
  

  

  
  </testsuite>
</testsuites>
