<?xml version="1.0" encoding="UTF-8" ?>
<testsuites errors="0"
            failures="1"
            tests="1">

  <testsuite name="basic.test"
    errors="0" failures="1" hostname="" id="" package="basic.test" skipped="0"
    tests="1" time="3.978" timestamp="">
  
    <testcase name="Correct page width" classname="basic.test" time="3.978" assertions="2">

      <failure message="Testing if element &lt;body &gt; .wrap&gt; has css property &#34;width: 1000px&#34; in 1000 ms. - expected [0;32m&#34;1000px&#34;[0m but got: [0;31m&#34;1001px&#34;[0m">    at Object.Correct page width (/home/ann/Repositories/csssr-autotests/tests/basic.test.js:7:14)
    at process._tickCallback (internal/process/next_tick.js:68:7)</failure>

    <failure message="    at Object.Correct page width (/home/ann/Repositories/csssr-autotests/tests/basic.test.js:7:14)">    at process._tickCallback (internal/process/next_tick.js:68:7)</failure>
    </testcase>
  

  

  
  </testsuite>
</testsuites>
